Using pre-set license
Built from '2020.3/staging' branch; Version is '2020.3.13f1 (71691879b7f5) revision 7432472'; Using compiler version '192528614'; Build Type 'Release'
OS: 'Windows 10 Pro; OS build 19042.1288; Version 2009; 64bit' Language: 'tr' Physical Memory: 8092 MB
BatchMode: 1, IsHumanControllingUs: 0, StartBugReporterOnCrash: 0, Is64bit: 1, IsPro: 0

 COMMAND LINE ARGUMENTS:
C:\Program Files\Unity\Hub\Editor\2020.3.13f1\Editor\Unity.exe
-adb2
-batchMode
-noUpm
-name
AssetImportWorker0
-projectPath
C:/Users/SU/Desktop/Unity Projeleri/GoldieBounceGit/GoldieBounce
-logFile
Logs/AssetImportWorker0.log
-srvPort
31281
Successfully changed project path to: C:/Users/SU/Desktop/Unity Projeleri/GoldieBounceGit/GoldieBounce
C:/Users/SU/Desktop/Unity Projeleri/GoldieBounceGit/GoldieBounce
Using Asset Import Pipeline V2.
Refreshing native plugins compatible for Editor in 44.68 ms, found 2 plugins.
Preloading 0 native plugins for Editor in 0.00 ms.
Initialize engine version: 2020.3.13f1 (71691879b7f5)
[Subsystems] Discovering subsystems at path C:/Program Files/Unity/Hub/Editor/2020.3.13f1/Editor/Data/Resources/UnitySubsystems
[Subsystems] Discovering subsystems at path C:/Users/SU/Desktop/Unity Projeleri/GoldieBounceGit/GoldieBounce/Assets
GfxDevice: creating device client; threaded=0
Direct3D:
    Version:  Direct3D 11.0 [level 11.0]
    Renderer: NVIDIA GeForce 940MX (ID=0x134d)
    Vendor:   
    VRAM:     2020 MB
    Driver:   23.21.13.8873
Initialize mono
Mono path[0] = 'C:/Program Files/Unity/Hub/Editor/2020.3.13f1/Editor/Data/Managed'
Mono path[1] = 'C:/Program Files/Unity/Hub/Editor/2020.3.13f1/Editor/Data/MonoBleedingEdge/lib/mono/unityjit'
Mono config path = 'C:/Program Files/Unity/Hub/Editor/2020.3.13f1/Editor/Data/MonoBleedingEdge/etc'
Using monoOptions --debugger-agent=transport=dt_socket,embedding=1,server=y,suspend=n,address=127.0.0.1:56652
Begin MonoManager ReloadAssembly
Registering precompiled unity dll's ...
Register platform support module: C:/Program Files/Unity/Hub/Editor/2020.3.13f1/Editor/Data/PlaybackEngines/WebGLSupport/UnityEditor.WebGL.Extensions.dll
Register platform support module: C:/Program Files/Unity/Hub/Editor/2020.3.13f1/Editor/Data/PlaybackEngines/WindowsStandaloneSupport/UnityEditor.WindowsStandalone.Extensions.dll
Registered in 0.003916 seconds.
Native extension for WindowsStandalone target not found
Native extension for WebGL target not found
Refreshing native plugins compatible for Editor in 40.78 ms, found 2 plugins.
Preloading 0 native plugins for Editor in 0.00 ms.
Mono: successfully reloaded assembly
- Completed reload, in  3.093 seconds
Platform modules already initialized, skipping
Registering precompiled user dll's ...
Registered in 0.007789 seconds.
Begin MonoManager ReloadAssembly
Native extension for WindowsStandalone target not found
Native extension for WebGL target not found
Refreshing native plugins compatible for Editor in 0.41 ms, found 2 plugins.
Preloading 0 native plugins for Editor in 0.00 ms.
Mono: successfully reloaded assembly
- Completed reload, in  1.792 seconds
Platform modules already initialized, skipping
========================================================================
Worker process is ready to serve import requests
Launched and connected shader compiler UnityShaderCompiler.exe after 0.08 seconds
Refreshing native plugins compatible for Editor in 0.67 ms, found 2 plugins.
Preloading 0 native plugins for Editor in 0.00 ms.
Unloading 1564 Unused Serialized files (Serialized files now loaded: 0)
System memory in use before: 72.4 MB.
System memory in use after: 72.5 MB.

Unloading 22 unused Assets to reduce memory usage. Loaded Objects now: 2000.
Total: 3.080400 ms (FindLiveObjects: 0.360200 ms CreateObjectMapping: 0.163500 ms MarkObjects: 2.448000 ms  DeleteObjects: 0.107300 ms)

AssetImportParameters requested are different than current active one (requested -> active):
  custom:framework-win-MediaFoundation: 216162199b28c13a410421893ffa2e32 -> 
  custom:video-decoder-ogg-theora: a1e56fd34408186e4bbccfd4996cb3dc -> 
  custom:container-muxer-webm: aa71ff27fc2769a1b78a27578f13a17b -> 
  custom:container-demuxer-webm: 4f35f7cbe854078d1ac9338744f61a02 -> 
  custom:container-demuxer-ogg: 62fdf1f143b41e24485cea50d1cbac27 -> 
  custom:video-encoder-webm-vp8: eb34c28f22e8b96e1ab97ce403110664 -> 
  custom:video-decoder-webm-vp8: 9c59270c3fd7afecdb556c50c9e8de78 -> 
  custom:audio-decoder-ogg-vorbis: bf7c407c2cedff20999df2af8eb42d56 -> 
  custom:audio-encoder-webm-vorbis: bf7c407c2cedff20999df2af8eb42d56 -> 
========================================================================
Received Import Request.
  path: Assets/TitanOne-Regular.ttf
  artifactKey: Guid(5815904aa18178a4680c3fb4cabe20e6) Importer(815301076,1909f56bfc062723c751e8b465ee728b)
Start importing Assets/TitanOne-Regular.ttf using Guid(5815904aa18178a4680c3fb4cabe20e6) Importer(815301076,1909f56bfc062723c751e8b465ee728b)  -> (artifact id: '0bbb2d33b8d38a08b3acd75d2b2a63bb') in 0.175929 seconds 
  Import took 0.180944 seconds .

========================================================================
Received Prepare
Registering precompiled user dll's ...
Registered in 0.007041 seconds.
Begin MonoManager ReloadAssembly
Native extension for WindowsStandalone target not found
Native extension for WebGL target not found
Refreshing native plugins compatible for Editor in 0.44 ms, found 2 plugins.
Preloading 0 native plugins for Editor in 0.00 ms.
Mono: successfully reloaded assembly
- Completed reload, in  1.854 seconds
Platform modules already initialized, skipping
Switching build target platform(19) subTarget(0) extendedPlatform(0) -> platform(13) subTarget(537395200) extendedPlatform(0)
Refreshing native plugins compatible for Editor in 0.37 ms, found 2 plugins.
Preloading 0 native plugins for Editor in 0.00 ms.
Unloading 1548 Unused Serialized files (Serialized files now loaded: 0)
System memory in use before: 74.1 MB.
System memory in use after: 74.2 MB.

Unloading 17 unused Assets to reduce memory usage. Loaded Objects now: 2048.
Total: 2.451300 ms (FindLiveObjects: 0.186300 ms CreateObjectMapping: 0.063000 ms MarkObjects: 2.132600 ms  DeleteObjects: 0.068100 ms)

AssetImportParameters requested are different than current active one (requested -> active):
  custom:framework-win-MediaFoundation: 216162199b28c13a410421893ffa2e32 -> 
  custom:video-decoder-ogg-theora: a1e56fd34408186e4bbccfd4996cb3dc -> 
  custom:container-muxer-webm: aa71ff27fc2769a1b78a27578f13a17b -> 
  custom:container-demuxer-webm: 4f35f7cbe854078d1ac9338744f61a02 -> 
  custom:container-demuxer-ogg: 62fdf1f143b41e24485cea50d1cbac27 -> 
  custom:video-encoder-webm-vp8: eb34c28f22e8b96e1ab97ce403110664 -> 
  custom:video-decoder-webm-vp8: 9c59270c3fd7afecdb556c50c9e8de78 -> 
  custom:graphics/normal-map-encoding: 01000000000000000000000000000000 -> 02000000000000000000000000000000
  custom:audio-decoder-ogg-vorbis: bf7c407c2cedff20999df2af8eb42d56 -> 
  custom:audio-encoder-webm-vorbis: bf7c407c2cedff20999df2af8eb42d56 -> 
========================================================================
Received Prepare
Registering precompiled user dll's ...
Registered in 0.007965 seconds.
Begin MonoManager ReloadAssembly
Native extension for WindowsStandalone target not found
Native extension for WebGL target not found
Refreshing native plugins compatible for Editor in 0.42 ms, found 2 plugins.
Preloading 0 native plugins for Editor in 0.00 ms.
Mono: successfully reloaded assembly
- Completed reload, in  1.806 seconds
Platform modules already initialized, skipping
Switching build target platform(19) subTarget(0) extendedPlatform(0) -> platform(13) subTarget(537395200) extendedPlatform(0)
Refreshing native plugins compatible for Editor in 0.36 ms, found 2 plugins.
Preloading 0 native plugins for Editor in 0.00 ms.
Unloading 1548 Unused Serialized files (Serialized files now loaded: 0)
System memory in use before: 74.2 MB.
System memory in use after: 74.2 MB.

Unloading 17 unused Assets to reduce memory usage. Loaded Objects now: 2051.
Total: 3.018500 ms (FindLiveObjects: 0.175500 ms CreateObjectMapping: 0.056600 ms MarkObjects: 2.724400 ms  DeleteObjects: 0.060500 ms)

AssetImportParameters requested are different than current active one (requested -> active):
  custom:framework-win-MediaFoundation: 216162199b28c13a410421893ffa2e32 -> 
  custom:video-decoder-ogg-theora: a1e56fd34408186e4bbccfd4996cb3dc -> 
  custom:container-muxer-webm: aa71ff27fc2769a1b78a27578f13a17b -> 
  custom:container-demuxer-webm: 4f35f7cbe854078d1ac9338744f61a02 -> 
  custom:container-demuxer-ogg: 62fdf1f143b41e24485cea50d1cbac27 -> 
  custom:video-encoder-webm-vp8: eb34c28f22e8b96e1ab97ce403110664 -> 
  custom:video-decoder-webm-vp8: 9c59270c3fd7afecdb556c50c9e8de78 -> 
  custom:graphics/normal-map-encoding: 01000000000000000000000000000000 -> 02000000000000000000000000000000
  custom:audio-decoder-ogg-vorbis: bf7c407c2cedff20999df2af8eb42d56 -> 
  custom:audio-encoder-webm-vorbis: bf7c407c2cedff20999df2af8eb42d56 -> 
========================================================================
Received Import Request.
  Time since last request: 54.656977 seconds.
  path: Assets/Script/Fail.cs
  artifactKey: Guid(effab69e937606f47b09acb68ccf74cc) Importer(815301076,1909f56bfc062723c751e8b465ee728b)
Start importing Assets/Script/Fail.cs using Guid(effab69e937606f47b09acb68ccf74cc) Importer(815301076,1909f56bfc062723c751e8b465ee728b)  -> (artifact id: 'acb824defbd824125fe6c3d205f68fde') in 0.025543 seconds 
  Import took 0.030111 seconds .

========================================================================
Received Prepare
Registering precompiled user dll's ...
Registered in 0.017818 seconds.
Begin MonoManager ReloadAssembly
Native extension for WindowsStandalone target not found
Native extension for WebGL target not found
Refreshing native plugins compatible for Editor in 0.74 ms, found 2 plugins.
Preloading 0 native plugins for Editor in 0.00 ms.
Mono: successfully reloaded assembly
- Completed reload, in  1.628 seconds
Platform modules already initialized, skipping
Switching build target platform(19) subTarget(0) extendedPlatform(0) -> platform(13) subTarget(537395200) extendedPlatform(0)
Refreshing native plugins compatible for Editor in 0.38 ms, found 2 plugins.
Preloading 0 native plugins for Editor in 0.00 ms.
Unloading 1548 Unused Serialized files (Serialized files now loaded: 0)
System memory in use before: 74.2 MB.
System memory in use after: 74.3 MB.

Unloading 17 unused Assets to reduce memory usage. Loaded Objects now: 2054.
Total: 3.120800 ms (FindLiveObjects: 0.184200 ms CreateObjectMapping: 0.061400 ms MarkObjects: 2.801800 ms  DeleteObjects: 0.071800 ms)

AssetImportParameters requested are different than current active one (requested -> active):
  custom:framework-win-MediaFoundation: 216162199b28c13a410421893ffa2e32 -> 
  custom:video-decoder-ogg-theora: a1e56fd34408186e4bbccfd4996cb3dc -> 
  custom:container-muxer-webm: aa71ff27fc2769a1b78a27578f13a17b -> 
  custom:container-demuxer-webm: 4f35f7cbe854078d1ac9338744f61a02 -> 
  custom:container-demuxer-ogg: 62fdf1f143b41e24485cea50d1cbac27 -> 
  custom:video-encoder-webm-vp8: eb34c28f22e8b96e1ab97ce403110664 -> 
  custom:video-decoder-webm-vp8: 9c59270c3fd7afecdb556c50c9e8de78 -> 
  custom:graphics/normal-map-encoding: 01000000000000000000000000000000 -> 02000000000000000000000000000000
  custom:audio-decoder-ogg-vorbis: bf7c407c2cedff20999df2af8eb42d56 -> 
  custom:audio-encoder-webm-vorbis: bf7c407c2cedff20999df2af8eb42d56 -> 
========================================================================
Received Import Request.
  Time since last request: 371.366916 seconds.
  path: Assets/Script/Fail.cs
  artifactKey: Guid(effab69e937606f47b09acb68ccf74cc) Importer(815301076,1909f56bfc062723c751e8b465ee728b)
Start importing Assets/Script/Fail.cs using Guid(effab69e937606f47b09acb68ccf74cc) Importer(815301076,1909f56bfc062723c751e8b465ee728b)  -> (artifact id: 'a5eacc44fc9c505d55edd975645d0598') in 0.007067 seconds 
  Import took 0.012322 seconds .

========================================================================
Received Prepare
Registering precompiled user dll's ...
Registered in 0.015117 seconds.
Begin MonoManager ReloadAssembly
Native extension for WindowsStandalone target not found
Native extension for WebGL target not found
Refreshing native plugins compatible for Editor in 0.48 ms, found 2 plugins.
Preloading 0 native plugins for Editor in 0.00 ms.
Mono: successfully reloaded assembly
- Completed reload, in  1.752 seconds
Platform modules already initialized, skipping
Switching build target platform(19) subTarget(0) extendedPlatform(0) -> platform(13) subTarget(537395200) extendedPlatform(0)
Refreshing native plugins compatible for Editor in 0.40 ms, found 2 plugins.
Preloading 0 native plugins for Editor in 0.00 ms.
Unloading 1548 Unused Serialized files (Serialized files now loaded: 0)
System memory in use before: 74.2 MB.
System memory in use after: 74.3 MB.

Unloading 17 unused Assets to reduce memory usage. Loaded Objects now: 2057.
Total: 3.558800 ms (FindLiveObjects: 0.312500 ms CreateObjectMapping: 0.124500 ms MarkObjects: 3.012600 ms  DeleteObjects: 0.107400 ms)

AssetImportParameters requested are different than current active one (requested -> active):
  custom:framework-win-MediaFoundation: 216162199b28c13a410421893ffa2e32 -> 
  custom:video-decoder-ogg-theora: a1e56fd34408186e4bbccfd4996cb3dc -> 
  custom:container-muxer-webm: aa71ff27fc2769a1b78a27578f13a17b -> 
  custom:container-demuxer-webm: 4f35f7cbe854078d1ac9338744f61a02 -> 
  custom:container-demuxer-ogg: 62fdf1f143b41e24485cea50d1cbac27 -> 
  custom:video-encoder-webm-vp8: eb34c28f22e8b96e1ab97ce403110664 -> 
  custom:video-decoder-webm-vp8: 9c59270c3fd7afecdb556c50c9e8de78 -> 
  custom:graphics/normal-map-encoding: 01000000000000000000000000000000 -> 02000000000000000000000000000000
  custom:audio-decoder-ogg-vorbis: bf7c407c2cedff20999df2af8eb42d56 -> 
  custom:audio-encoder-webm-vorbis: bf7c407c2cedff20999df2af8eb42d56 -> 
========================================================================
Received Prepare
Registering precompiled user dll's ...
Registered in 0.010390 seconds.
Begin MonoManager ReloadAssembly
Native extension for WindowsStandalone target not found
Native extension for WebGL target not found
Refreshing native plugins compatible for Editor in 0.81 ms, found 2 plugins.
Preloading 0 native plugins for Editor in 0.00 ms.
Mono: successfully reloaded assembly
- Completed reload, in  2.369 seconds
Platform modules already initialized, skipping
Switching build target platform(19) subTarget(0) extendedPlatform(0) -> platform(13) subTarget(537395200) extendedPlatform(0)
Refreshing native plugins compatible for Editor in 0.40 ms, found 2 plugins.
Preloading 0 native plugins for Editor in 0.00 ms.
Unloading 1548 Unused Serialized files (Serialized files now loaded: 0)
System memory in use before: 74.2 MB.
System memory in use after: 74.3 MB.

Unloading 17 unused Assets to reduce memory usage. Loaded Objects now: 2060.
Total: 2.623900 ms (FindLiveObjects: 0.183200 ms CreateObjectMapping: 0.057100 ms MarkObjects: 2.322700 ms  DeleteObjects: 0.059500 ms)

AssetImportParameters requested are different than current active one (requested -> active):
  custom:framework-win-MediaFoundation: 216162199b28c13a410421893ffa2e32 -> 
  custom:video-decoder-ogg-theora: a1e56fd34408186e4bbccfd4996cb3dc -> 
  custom:container-muxer-webm: aa71ff27fc2769a1b78a27578f13a17b -> 
  custom:container-demuxer-webm: 4f35f7cbe854078d1ac9338744f61a02 -> 
  custom:container-demuxer-ogg: 62fdf1f143b41e24485cea50d1cbac27 -> 
  custom:video-encoder-webm-vp8: eb34c28f22e8b96e1ab97ce403110664 -> 
  custom:video-decoder-webm-vp8: 9c59270c3fd7afecdb556c50c9e8de78 -> 
  custom:graphics/normal-map-encoding: 01000000000000000000000000000000 -> 02000000000000000000000000000000
  custom:audio-decoder-ogg-vorbis: bf7c407c2cedff20999df2af8eb42d56 -> 
  custom:audio-encoder-webm-vorbis: bf7c407c2cedff20999df2af8eb42d56 -> 
========================================================================
Received Prepare
Registering precompiled user dll's ...
Registered in 0.014968 seconds.
Begin MonoManager ReloadAssembly
Native extension for WindowsStandalone target not found
Native extension for WebGL target not found
Refreshing native plugins compatible for Editor in 0.40 ms, found 2 plugins.
Preloading 0 native plugins for Editor in 0.00 ms.
Mono: successfully reloaded assembly
- Completed reload, in  1.724 seconds
Platform modules already initialized, skipping
Switching build target platform(19) subTarget(0) extendedPlatform(0) -> platform(13) subTarget(537395200) extendedPlatform(0)
Refreshing native plugins compatible for Editor in 0.41 ms, found 2 plugins.
Preloading 0 native plugins for Editor in 0.00 ms.
Unloading 1548 Unused Serialized files (Serialized files now loaded: 0)
System memory in use before: 74.2 MB.
System memory in use after: 74.3 MB.

Unloading 17 unused Assets to reduce memory usage. Loaded Objects now: 2063.
Total: 2.556500 ms (FindLiveObjects: 0.218100 ms CreateObjectMapping: 0.066700 ms MarkObjects: 2.152900 ms  DeleteObjects: 0.117100 ms)

AssetImportParameters requested are different than current active one (requested -> active):
  custom:framework-win-MediaFoundation: 216162199b28c13a410421893ffa2e32 -> 
  custom:video-decoder-ogg-theora: a1e56fd34408186e4bbccfd4996cb3dc -> 
  custom:container-muxer-webm: aa71ff27fc2769a1b78a27578f13a17b -> 
  custom:container-demuxer-webm: 4f35f7cbe854078d1ac9338744f61a02 -> 
  custom:container-demuxer-ogg: 62fdf1f143b41e24485cea50d1cbac27 -> 
  custom:video-encoder-webm-vp8: eb34c28f22e8b96e1ab97ce403110664 -> 
  custom:video-decoder-webm-vp8: 9c59270c3fd7afecdb556c50c9e8de78 -> 
  custom:graphics/normal-map-encoding: 01000000000000000000000000000000 -> 02000000000000000000000000000000
  custom:audio-decoder-ogg-vorbis: bf7c407c2cedff20999df2af8eb42d56 -> 
  custom:audio-encoder-webm-vorbis: bf7c407c2cedff20999df2af8eb42d56 -> 
========================================================================
Received Prepare
Registering precompiled user dll's ...
Registered in 0.017479 seconds.
Begin MonoManager ReloadAssembly
Native extension for WindowsStandalone target not found
Native extension for WebGL target not found
Refreshing native plugins compatible for Editor in 0.73 ms, found 2 plugins.
Preloading 0 native plugins for Editor in 0.00 ms.
Mono: successfully reloaded assembly
- Completed reload, in  1.635 seconds
Platform modules already initialized, skipping
Switching build target platform(19) subTarget(0) extendedPlatform(0) -> platform(13) subTarget(537395200) extendedPlatform(0)
Refreshing native plugins compatible for Editor in 0.38 ms, found 2 plugins.
Preloading 0 native plugins for Editor in 0.00 ms.
Unloading 1548 Unused Serialized files (Serialized files now loaded: 0)
System memory in use before: 74.2 MB.
System memory in use after: 74.3 MB.

Unloading 17 unused Assets to reduce memory usage. Loaded Objects now: 2066.
Total: 2.895900 ms (FindLiveObjects: 0.168700 ms CreateObjectMapping: 0.050900 ms MarkObjects: 2.605900 ms  DeleteObjects: 0.068900 ms)

AssetImportParameters requested are different than current active one (requested -> active):
  custom:framework-win-MediaFoundation: 216162199b28c13a410421893ffa2e32 -> 
  custom:video-decoder-ogg-theora: a1e56fd34408186e4bbccfd4996cb3dc -> 
  custom:container-muxer-webm: aa71ff27fc2769a1b78a27578f13a17b -> 
  custom:container-demuxer-webm: 4f35f7cbe854078d1ac9338744f61a02 -> 
  custom:container-demuxer-ogg: 62fdf1f143b41e24485cea50d1cbac27 -> 
  custom:video-encoder-webm-vp8: eb34c28f22e8b96e1ab97ce403110664 -> 
  custom:video-decoder-webm-vp8: 9c59270c3fd7afecdb556c50c9e8de78 -> 
  custom:graphics/normal-map-encoding: 01000000000000000000000000000000 -> 02000000000000000000000000000000
  custom:audio-decoder-ogg-vorbis: bf7c407c2cedff20999df2af8eb42d56 -> 
  custom:audio-encoder-webm-vorbis: bf7c407c2cedff20999df2af8eb42d56 -> 
========================================================================
Received Prepare
Registering precompiled user dll's ...
Registered in 0.008273 seconds.
Begin MonoManager ReloadAssembly
Native extension for WindowsStandalone target not found
Native extension for WebGL target not found
Refreshing native plugins compatible for Editor in 0.59 ms, found 2 plugins.
Preloading 0 native plugins for Editor in 0.00 ms.
Mono: successfully reloaded assembly
- Completed reload, in  1.614 seconds
Platform modules already initialized, skipping
Switching build target platform(19) subTarget(0) extendedPlatform(0) -> platform(13) subTarget(537395200) extendedPlatform(0)
Refreshing native plugins compatible for Editor in 0.36 ms, found 2 plugins.
Preloading 0 native plugins for Editor in 0.00 ms.
Unloading 1548 Unused Serialized files (Serialized files now loaded: 0)
System memory in use before: 74.2 MB.
System memory in use after: 74.3 MB.

Unloading 17 unused Assets to reduce memory usage. Loaded Objects now: 2069.
Total: 2.856100 ms (FindLiveObjects: 0.295000 ms CreateObjectMapping: 0.084100 ms MarkObjects: 2.411900 ms  DeleteObjects: 0.063200 ms)

AssetImportParameters requested are different than current active one (requested -> active):
  custom:framework-win-MediaFoundation: 216162199b28c13a410421893ffa2e32 -> 
  custom:video-decoder-ogg-theora: a1e56fd34408186e4bbccfd4996cb3dc -> 
  custom:container-muxer-webm: aa71ff27fc2769a1b78a27578f13a17b -> 
  custom:container-demuxer-webm: 4f35f7cbe854078d1ac9338744f61a02 -> 
  custom:container-demuxer-ogg: 62fdf1f143b41e24485cea50d1cbac27 -> 
  custom:video-encoder-webm-vp8: eb34c28f22e8b96e1ab97ce403110664 -> 
  custom:video-decoder-webm-vp8: 9c59270c3fd7afecdb556c50c9e8de78 -> 
  custom:graphics/normal-map-encoding: 01000000000000000000000000000000 -> 02000000000000000000000000000000
  custom:audio-decoder-ogg-vorbis: bf7c407c2cedff20999df2af8eb42d56 -> 
  custom:audio-encoder-webm-vorbis: bf7c407c2cedff20999df2af8eb42d56 -> 
========================================================================
Received Prepare
Registering precompiled user dll's ...
Registered in 0.006913 seconds.
Begin MonoManager ReloadAssembly
Native extension for WindowsStandalone target not found
Native extension for WebGL target not found
Refreshing native plugins compatible for Editor in 0.61 ms, found 2 plugins.
Preloading 0 native plugins for Editor in 0.00 ms.
Mono: successfully reloaded assembly
- Completed reload, in  1.687 seconds
Platform modules already initialized, skipping
Switching build target platform(19) subTarget(0) extendedPlatform(0) -> platform(13) subTarget(537395200) extendedPlatform(0)
Refreshing native plugins compatible for Editor in 0.71 ms, found 2 plugins.
Preloading 0 native plugins for Editor in 0.00 ms.
Unloading 1548 Unused Serialized files (Serialized files now loaded: 0)
System memory in use before: 74.2 MB.
System memory in use after: 74.3 MB.

Unloading 17 unused Assets to reduce memory usage. Loaded Objects now: 2072.
Total: 3.176400 ms (FindLiveObjects: 0.201300 ms CreateObjectMapping: 0.076200 ms MarkObjects: 2.178500 ms  DeleteObjects: 0.718600 ms)

AssetImportParameters requested are different than current active one (requested -> active):
  custom:framework-win-MediaFoundation: 216162199b28c13a410421893ffa2e32 -> 
  custom:video-decoder-ogg-theora: a1e56fd34408186e4bbccfd4996cb3dc -> 
  custom:container-muxer-webm: aa71ff27fc2769a1b78a27578f13a17b -> 
  custom:container-demuxer-webm: 4f35f7cbe854078d1ac9338744f61a02 -> 
  custom:container-demuxer-ogg: 62fdf1f143b41e24485cea50d1cbac27 -> 
  custom:video-encoder-webm-vp8: eb34c28f22e8b96e1ab97ce403110664 -> 
  custom:video-decoder-webm-vp8: 9c59270c3fd7afecdb556c50c9e8de78 -> 
  custom:graphics/normal-map-encoding: 01000000000000000000000000000000 -> 02000000000000000000000000000000
  custom:audio-decoder-ogg-vorbis: bf7c407c2cedff20999df2af8eb42d56 -> 
  custom:audio-encoder-webm-vorbis: bf7c407c2cedff20999df2af8eb42d56 -> 
========================================================================
Received Prepare
Registering precompiled user dll's ...
Registered in 0.013903 seconds.
Begin MonoManager ReloadAssembly
Native extension for WindowsStandalone target not found
Native extension for WebGL target not found
Refreshing native plugins compatible for Editor in 0.39 ms, found 2 plugins.
Preloading 0 native plugins for Editor in 0.00 ms.
Mono: successfully reloaded assembly
- Completed reload, in  1.698 seconds
Platform modules already initialized, skipping
Switching build target platform(19) subTarget(0) extendedPlatform(0) -> platform(13) subTarget(537395200) extendedPlatform(0)
Refreshing native plugins compatible for Editor in 0.46 ms, found 2 plugins.
Preloading 0 native plugins for Editor in 0.00 ms.
Unloading 1548 Unused Serialized files (Serialized files now loaded: 0)
System memory in use before: 74.2 MB.
System memory in use after: 74.3 MB.

Unloading 17 unused Assets to reduce memory usage. Loaded Objects now: 2075.
Total: 8.059800 ms (FindLiveObjects: 0.480700 ms CreateObjectMapping: 0.182700 ms MarkObjects: 7.251600 ms  DeleteObjects: 0.141500 ms)

AssetImportParameters requested are different than current active one (requested -> active):
  custom:framework-win-MediaFoundation: 216162199b28c13a410421893ffa2e32 -> 
  custom:video-decoder-ogg-theora: a1e56fd34408186e4bbccfd4996cb3dc -> 
  custom:container-muxer-webm: aa71ff27fc2769a1b78a27578f13a17b -> 
  custom:container-demuxer-webm: 4f35f7cbe854078d1ac9338744f61a02 -> 
  custom:container-demuxer-ogg: 62fdf1f143b41e24485cea50d1cbac27 -> 
  custom:video-encoder-webm-vp8: eb34c28f22e8b96e1ab97ce403110664 -> 
  custom:video-decoder-webm-vp8: 9c59270c3fd7afecdb556c50c9e8de78 -> 
  custom:graphics/normal-map-encoding: 01000000000000000000000000000000 -> 02000000000000000000000000000000
  custom:audio-decoder-ogg-vorbis: bf7c407c2cedff20999df2af8eb42d56 -> 
  custom:audio-encoder-webm-vorbis: bf7c407c2cedff20999df2af8eb42d56 -> 
========================================================================
Received Prepare
Registering precompiled user dll's ...
Registered in 0.043484 seconds.
Begin MonoManager ReloadAssembly
Native extension for WindowsStandalone target not found
Native extension for WebGL target not found
Refreshing native plugins compatible for Editor in 0.47 ms, found 2 plugins.
Preloading 0 native plugins for Editor in 0.00 ms.
Mono: successfully reloaded assembly
- Completed reload, in  1.707 seconds
Platform modules already initialized, skipping
Switching build target platform(19) subTarget(0) extendedPlatform(0) -> platform(13) subTarget(537395200) extendedPlatform(0)
Refreshing native plugins compatible for Editor in 0.65 ms, found 2 plugins.
Preloading 0 native plugins for Editor in 0.00 ms.
Unloading 1548 Unused Serialized files (Serialized files now loaded: 0)
System memory in use before: 74.3 MB.
System memory in use after: 74.3 MB.

Unloading 17 unused Assets to reduce memory usage. Loaded Objects now: 2078.
Total: 2.927900 ms (FindLiveObjects: 0.317400 ms CreateObjectMapping: 0.134700 ms MarkObjects: 2.406900 ms  DeleteObjects: 0.067000 ms)

AssetImportParameters requested are different than current active one (requested -> active):
  custom:framework-win-MediaFoundation: 216162199b28c13a410421893ffa2e32 -> 
  custom:video-decoder-ogg-theora: a1e56fd34408186e4bbccfd4996cb3dc -> 
  custom:container-muxer-webm: aa71ff27fc2769a1b78a27578f13a17b -> 
  custom:container-demuxer-webm: 4f35f7cbe854078d1ac9338744f61a02 -> 
  custom:container-demuxer-ogg: 62fdf1f143b41e24485cea50d1cbac27 -> 
  custom:video-encoder-webm-vp8: eb34c28f22e8b96e1ab97ce403110664 -> 
  custom:video-decoder-webm-vp8: 9c59270c3fd7afecdb556c50c9e8de78 -> 
  custom:graphics/normal-map-encoding: 01000000000000000000000000000000 -> 02000000000000000000000000000000
  custom:audio-decoder-ogg-vorbis: bf7c407c2cedff20999df2af8eb42d56 -> 
  custom:audio-encoder-webm-vorbis: bf7c407c2cedff20999df2af8eb42d56 -> 
========================================================================
Received Import Request.
  Time since last request: 1926.695953 seconds.
  path: Assets/obje/tahterevalli 1.fbx
  artifactKey: Guid(1086ca5b6caceff498d9e7da829f7389) Importer(815301076,1909f56bfc062723c751e8b465ee728b)
Start importing Assets/obje/tahterevalli 1.fbx using Guid(1086ca5b6caceff498d9e7da829f7389) Importer(815301076,1909f56bfc062723c751e8b465ee728b)  -> (artifact id: '6a5b2db95b1af26bb88ee415dec397a1') in 0.782823 seconds 
  Import took 0.796089 seconds .

========================================================================
Received Import Request.
  Time since last request: 0.000542 seconds.
  path: Assets/obje/külçe.fbx
  artifactKey: Guid(25732cd13d952d94b856ee1b8c5aab81) Importer(815301076,1909f56bfc062723c751e8b465ee728b)
Start importing Assets/obje/külçe.fbx using Guid(25732cd13d952d94b856ee1b8c5aab81) Importer(815301076,1909f56bfc062723c751e8b465ee728b)  -> (artifact id: '544e0459116b0fd7431aca660a49ae12') in 0.364650 seconds 
  Import took 0.372111 seconds .

========================================================================
Received Import Request.
  Time since last request: 2.474068 seconds.
  path: Assets/fonts/TitanOne-Regular.ttf
  artifactKey: Guid(fe54bad8716e152439291476770e180f) Importer(815301076,1909f56bfc062723c751e8b465ee728b)
Start importing Assets/fonts/TitanOne-Regular.ttf using Guid(fe54bad8716e152439291476770e180f) Importer(815301076,1909f56bfc062723c751e8b465ee728b)  -> (artifact id: '893051d3cfff8299fb7fac2186c66abc') in 0.048754 seconds 
  Import took 0.056911 seconds .

========================================================================
Received Import Request.
  Time since last request: 13.270302 seconds.
  path: Assets/Resources
  artifactKey: Guid(394e7019e3af1244f97457034c6457df) Importer(815301076,1909f56bfc062723c751e8b465ee728b)
Start importing Assets/Resources using Guid(394e7019e3af1244f97457034c6457df) Importer(815301076,1909f56bfc062723c751e8b465ee728b)  -> (artifact id: 'cada6be98e06a79e4903c25b765cd253') in 0.008726 seconds 
  Import took 0.016149 seconds .

========================================================================
Received Import Request.
  Time since last request: 0.003045 seconds.
  path: Assets/Resources
  artifactKey: Guid(394e7019e3af1244f97457034c6457df) Importer(815301076,1909f56bfc062723c751e8b465ee728b)
Start importing Assets/Resources using Guid(394e7019e3af1244f97457034c6457df) Importer(815301076,1909f56bfc062723c751e8b465ee728b)  -> (artifact id: 'cada6be98e06a79e4903c25b765cd253') in 0.007026 seconds 
  Import took 0.018931 seconds .

========================================================================
Received Import Request.
  Time since last request: 0.055207 seconds.
  path: Assets/Resources/DOTweenSettings.asset
  artifactKey: Guid(381bd8d1765c3e542b53066079d4f5c5) Importer(815301076,1909f56bfc062723c751e8b465ee728b)
Start importing Assets/Resources/DOTweenSettings.asset using Guid(381bd8d1765c3e542b53066079d4f5c5) Importer(815301076,1909f56bfc062723c751e8b465ee728b)  -> (artifact id: '1e94a87b9721bb1536f4fd9f782444ae') in 0.020881 seconds 
  Import took 0.030817 seconds .

========================================================================
Received Import Request.
  Time since last request: 11.554780 seconds.
  path: Assets/sprite/buton(2).png
  artifactKey: Guid(ed4bf4701037790418c0739fc95c3e9c) Importer(815301076,1909f56bfc062723c751e8b465ee728b)
Start importing Assets/sprite/buton(2).png using Guid(ed4bf4701037790418c0739fc95c3e9c) Importer(815301076,1909f56bfc062723c751e8b465ee728b)  -> (artifact id: 'e366f239b0ddf919119c052c8f7e1272') in 0.116430 seconds 
  Import took 0.121415 seconds .

========================================================================
Received Import Request.
  Time since last request: 0.000378 seconds.
  path: Assets/sprite/ok(1).png
  artifactKey: Guid(9c7100a8cc6c8a34d9c5bbf90f6ebf3e) Importer(815301076,1909f56bfc062723c751e8b465ee728b)
Start importing Assets/sprite/ok(1).png using Guid(9c7100a8cc6c8a34d9c5bbf90f6ebf3e) Importer(815301076,1909f56bfc062723c751e8b465ee728b)  -> (artifact id: '804e4acf2aaf0ab68f0bd59febd47b01') in 0.047206 seconds 
  Import took 0.054446 seconds .

========================================================================
Received Import Request.
  Time since last request: 0.000992 seconds.
  path: Assets/sprite/level bar.png
  artifactKey: Guid(d45d6089e2fe0c842bdcf83b230afc37) Importer(815301076,1909f56bfc062723c751e8b465ee728b)
Start importing Assets/sprite/level bar.png using Guid(d45d6089e2fe0c842bdcf83b230afc37) Importer(815301076,1909f56bfc062723c751e8b465ee728b)  -> (artifact id: 'db059a41aba679d7be3aed0cc75fe40d') in 0.032873 seconds 
  Import took 0.037655 seconds .

========================================================================
Received Import Request.
  Time since last request: 0.000311 seconds.
  path: Assets/sprite/coin(3).png
  artifactKey: Guid(d54a0467e86acc14ca2a63448852571d) Importer(815301076,1909f56bfc062723c751e8b465ee728b)
Start importing Assets/sprite/coin(3).png using Guid(d54a0467e86acc14ca2a63448852571d) Importer(815301076,1909f56bfc062723c751e8b465ee728b)  -> (artifact id: 'a30165d5027c01f0ee3b1c969ea1cab3') in 0.038809 seconds 
  Import took 0.045356 seconds .

========================================================================
Received Import Request.
  Time since last request: 0.000434 seconds.
  path: Assets/sprite/level bar yuvarlak.png
  artifactKey: Guid(b238314b493291b4ab7991fb8990d7e3) Importer(815301076,1909f56bfc062723c751e8b465ee728b)
Start importing Assets/sprite/level bar yuvarlak.png using Guid(b238314b493291b4ab7991fb8990d7e3) Importer(815301076,1909f56bfc062723c751e8b465ee728b)  -> (artifact id: '435e36988dbf3168807b42c930267b16') in 0.030205 seconds 
  Import took 0.036235 seconds .

========================================================================
Received Import Request.
  Time since last request: 0.000385 seconds.
  path: Assets/sprite/enerji bar.png
  artifactKey: Guid(e4a6894dd366d004db6c26d08e57cf3e) Importer(815301076,1909f56bfc062723c751e8b465ee728b)
Start importing Assets/sprite/enerji bar.png using Guid(e4a6894dd366d004db6c26d08e57cf3e) Importer(815301076,1909f56bfc062723c751e8b465ee728b)  -> (artifact id: '0ac79db273f98735a3ed73573f2cc3f7') in 0.043875 seconds 
  Import took 0.048939 seconds .

========================================================================
Received Import Request.
  Time since last request: 0.000269 seconds.
  path: Assets/sprite/el.png
  artifactKey: Guid(696ac0218507c254587d2b294599b2f8) Importer(815301076,1909f56bfc062723c751e8b465ee728b)
Start importing Assets/sprite/el.png using Guid(696ac0218507c254587d2b294599b2f8) Importer(815301076,1909f56bfc062723c751e8b465ee728b)  -> (artifact id: '22fd47f36e18a0d8d2ac9f1dfc74ed45') in 0.023432 seconds 
  Import took 0.028523 seconds .

========================================================================
Received Import Request.
  Time since last request: 0.000351 seconds.
  path: Assets/sprite/enerji ikon.png
  artifactKey: Guid(587308c5bc1c90749b915c5e4d6b8f48) Importer(815301076,1909f56bfc062723c751e8b465ee728b)
Start importing Assets/sprite/enerji ikon.png using Guid(587308c5bc1c90749b915c5e4d6b8f48) Importer(815301076,1909f56bfc062723c751e8b465ee728b)  -> (artifact id: '1a6b87a4aa83428d278389ba94427af9') in 0.052671 seconds 
  Import took 0.061620 seconds .

========================================================================
Received Import Request.
  Time since last request: 0.000480 seconds.
  path: Assets/sprite/daire.png
  artifactKey: Guid(280300510a0a7fa4b8e877f91c31f060) Importer(815301076,1909f56bfc062723c751e8b465ee728b)
Start importing Assets/sprite/daire.png using Guid(280300510a0a7fa4b8e877f91c31f060) Importer(815301076,1909f56bfc062723c751e8b465ee728b)  -> (artifact id: '83015505fabba7db8943a6648cba292e') in 0.049041 seconds 
  Import took 0.055806 seconds .

========================================================================
Received Import Request.
  Time since last request: 0.001925 seconds.
  path: Assets/sprite/şerit.png
  artifactKey: Guid(150ed765e6dc8c849a9228de1b5ae971) Importer(815301076,1909f56bfc062723c751e8b465ee728b)
Start importing Assets/sprite/şerit.png using Guid(150ed765e6dc8c849a9228de1b5ae971) Importer(815301076,1909f56bfc062723c751e8b465ee728b)  -> (artifact id: 'ad7ac290f6da297297649472cffed665') in 0.034415 seconds 
  Import took 0.040884 seconds .

========================================================================
Received Import Request.
  Time since last request: 0.000368 seconds.
  path: Assets/sprite/para sayacı.png
  artifactKey: Guid(5cc40663a7f8ff143a4ecf7c93d2c4e1) Importer(815301076,1909f56bfc062723c751e8b465ee728b)
Start importing Assets/sprite/para sayacı.png using Guid(5cc40663a7f8ff143a4ecf7c93d2c4e1) Importer(815301076,1909f56bfc062723c751e8b465ee728b)  -> (artifact id: 'ce510cc4aa287c06a1878690d59a6d8a') in 0.022988 seconds 
  Import took 0.028410 seconds .

========================================================================
Received Import Request.
  Time since last request: 0.000375 seconds.
  path: Assets/sprite/level bar çizgisi.png
  artifactKey: Guid(4f9a734c30929dd46be32fa47e3bdd7f) Importer(815301076,1909f56bfc062723c751e8b465ee728b)
Start importing Assets/sprite/level bar çizgisi.png using Guid(4f9a734c30929dd46be32fa47e3bdd7f) Importer(815301076,1909f56bfc062723c751e8b465ee728b)  -> (artifact id: '0a4e4f6642f906380cb215545b2f6e1b') in 0.032566 seconds 
  Import took 0.041423 seconds .

========================================================================
Received Import Request.
  Time since last request: 0.000431 seconds.
  path: Assets/sprite/enerji ikon1.1.png
  artifactKey: Guid(f6c06fa8f0fb0814b8666a4964473ce6) Importer(815301076,1909f56bfc062723c751e8b465ee728b)
Start importing Assets/sprite/enerji ikon1.1.png using Guid(f6c06fa8f0fb0814b8666a4964473ce6) Importer(815301076,1909f56bfc062723c751e8b465ee728b)  -> (artifact id: 'dacdf0d8452152c14e004c803937e880') in 0.022094 seconds 
  Import took 0.026527 seconds .

========================================================================
Received Import Request.
  Time since last request: 0.000786 seconds.
  path: Assets/sprite/coin.png
  artifactKey: Guid(e21fccc0af2b5a046b3dbb6b6d84032a) Importer(815301076,1909f56bfc062723c751e8b465ee728b)
Start importing Assets/sprite/coin.png using Guid(e21fccc0af2b5a046b3dbb6b6d84032a) Importer(815301076,1909f56bfc062723c751e8b465ee728b)  -> (artifact id: '0bcffe8a44f860c76d4949b29ae05b4c') in 0.016787 seconds 
  Import took 0.020743 seconds .

========================================================================
Received Import Request.
  Time since last request: 0.000283 seconds.
  path: Assets/sprite/finish bayrağı.png
  artifactKey: Guid(7dd85e12191855a4cab125db06fa1f28) Importer(815301076,1909f56bfc062723c751e8b465ee728b)
Start importing Assets/sprite/finish bayrağı.png using Guid(7dd85e12191855a4cab125db06fa1f28) Importer(815301076,1909f56bfc062723c751e8b465ee728b)  -> (artifact id: '5aeec1402d1f167cb0c3de0364466e14') in 0.014281 seconds 
  Import took 0.017745 seconds .

========================================================================
Received Prepare
Registering precompiled user dll's ...
Registered in 0.035288 seconds.
Begin MonoManager ReloadAssembly
Native extension for WindowsStandalone target not found
Native extension for WebGL target not found
Refreshing native plugins compatible for Editor in 0.68 ms, found 2 plugins.
Preloading 0 native plugins for Editor in 0.00 ms.
Mono: successfully reloaded assembly
- Completed reload, in  2.533 seconds
Platform modules already initialized, skipping
Switching build target platform(19) subTarget(0) extendedPlatform(0) -> platform(13) subTarget(537395200) extendedPlatform(0)
Refreshing native plugins compatible for Editor in 0.47 ms, found 2 plugins.
Preloading 0 native plugins for Editor in 0.00 ms.
Unloading 1558 Unused Serialized files (Serialized files now loaded: 0)
System memory in use before: 89.3 MB.
System memory in use after: 89.4 MB.

Unloading 17 unused Assets to reduce memory usage. Loaded Objects now: 2125.
Total: 2.790400 ms (FindLiveObjects: 0.193300 ms CreateObjectMapping: 0.066200 ms MarkObjects: 2.462900 ms  DeleteObjects: 0.066900 ms)

AssetImportParameters requested are different than current active one (requested -> active):
  custom:framework-win-MediaFoundation: 216162199b28c13a410421893ffa2e32 -> 
  custom:video-decoder-ogg-theora: a1e56fd34408186e4bbccfd4996cb3dc -> 
  custom:container-muxer-webm: aa71ff27fc2769a1b78a27578f13a17b -> 
  custom:container-demuxer-webm: 4f35f7cbe854078d1ac9338744f61a02 -> 
  custom:container-demuxer-ogg: 62fdf1f143b41e24485cea50d1cbac27 -> 
  custom:video-encoder-webm-vp8: eb34c28f22e8b96e1ab97ce403110664 -> 
  custom:video-decoder-webm-vp8: 9c59270c3fd7afecdb556c50c9e8de78 -> 
  custom:graphics/normal-map-encoding: 01000000000000000000000000000000 -> 02000000000000000000000000000000
  custom:audio-decoder-ogg-vorbis: bf7c407c2cedff20999df2af8eb42d56 -> 
  custom:audio-encoder-webm-vorbis: bf7c407c2cedff20999df2af8eb42d56 -> 
AssetImportWorkerClient::OnTransportError - code=2 error=End of file
